<object-stream>
<org.drools.core.audit.WorkingMemoryLog>
  <version>6.1</version>
  <events>
    <org.drools.core.audit.event.ObjectLogEvent>
      <type>1</type>
      <factId>867</factId>
      <objectToString>Message [sender=BillingInfoNode, type=0, timestamp=220580]</objectToString>
    </org.drools.core.audit.event.ObjectLogEvent>
    <org.drools.core.audit.event.ObjectLogEvent>
      <type>1</type>
      <factId>868</factId>
      <objectToString>Message [sender=BillingInfoNode, type=1, timestamp=220595]</objectToString>
    </org.drools.core.audit.event.ObjectLogEvent>
    <org.drools.core.audit.event.ObjectLogEvent>
      <type>1</type>
      <factId>869</factId>
      <objectToString>Message [sender=SelectModeOfReciptNode, type=1, timestamp=221348]</objectToString>
    </org.drools.core.audit.event.ObjectLogEvent>
    <org.drools.core.audit.event.ObjectLogEvent>
      <type>1</type>
      <factId>870</factId>
      <objectToString>Message [sender=PaymentInfoNode, type=1, timestamp=221349]</objectToString>
    </org.drools.core.audit.event.ObjectLogEvent>
    <org.drools.core.audit.event.ObjectLogEvent>
      <type>1</type>
      <factId>871</factId>
      <objectToString>Message [sender=PaymentInfoNode, type=0, timestamp=221349]</objectToString>
    </org.drools.core.audit.event.ObjectLogEvent>
    <org.drools.core.audit.event.ObjectLogEvent>
      <type>1</type>
      <factId>872</factId>
      <objectToString>Message [sender=ProcessPaymentNode, type=0, timestamp=221350]</objectToString>
    </org.drools.core.audit.event.ObjectLogEvent>
    <org.drools.core.audit.event.ObjectLogEvent>
      <type>1</type>
      <factId>873</factId>
      <objectToString>Message [sender=SelectModeOfReciptNode, type=0, timestamp=221350]</objectToString>
    </org.drools.core.audit.event.ObjectLogEvent>
    <org.drools.core.audit.event.ObjectLogEvent>
      <type>1</type>
      <factId>874</factId>
      <objectToString>Message [sender=ProcessReservationNode, type=1, timestamp=221581]</objectToString>
    </org.drools.core.audit.event.ObjectLogEvent>
    <org.drools.core.audit.event.ObjectLogEvent>
      <type>1</type>
      <factId>875</factId>
      <objectToString>Message [sender=TravelInfoNode, type=1, timestamp=221675]</objectToString>
    </org.drools.core.audit.event.ObjectLogEvent>
    <org.drools.core.audit.event.ObjectLogEvent>
      <type>1</type>
      <factId>876</factId>
      <objectToString>Message [sender=TravelInfoNode, type=0, timestamp=221675]</objectToString>
    </org.drools.core.audit.event.ObjectLogEvent>
    <org.drools.core.audit.event.ObjectLogEvent>
      <type>1</type>
      <factId>877</factId>
      <objectToString>Message [sender=ProcessReservationNode, type=0, timestamp=221677]</objectToString>
    </org.drools.core.audit.event.ObjectLogEvent>
    <org.drools.core.audit.event.ObjectLogEvent>
      <type>1</type>
      <factId>878</factId>
      <objectToString>Message [sender=BillingInfoNode, type=0, timestamp=221677]</objectToString>
    </org.drools.core.audit.event.ObjectLogEvent>
    <org.drools.core.audit.event.ObjectLogEvent>
      <type>1</type>
      <factId>879</factId>
      <objectToString>Message [sender=BillingInfoNode, type=1, timestamp=221680]</objectToString>
    </org.drools.core.audit.event.ObjectLogEvent>
    <org.drools.core.audit.event.ObjectLogEvent>
      <type>1</type>
      <factId>880</factId>
      <objectToString>Message [sender=DeliveryAddressNode, type=1, timestamp=222347]</objectToString>
    </org.drools.core.audit.event.ObjectLogEvent>
    <org.drools.core.audit.event.ObjectLogEvent>
      <type>1</type>
      <factId>881</factId>
      <objectToString>Message [sender=ProcessPaymentNode, type=1, timestamp=222347]</objectToString>
    </org.drools.core.audit.event.ObjectLogEvent>
    <org.drools.core.audit.event.ObjectLogEvent>
      <type>1</type>
      <factId>882</factId>
      <objectToString>Message [sender=DeliveryAddressNode, type=0, timestamp=222348]</objectToString>
    </org.drools.core.audit.event.ObjectLogEvent>
    <org.drools.core.audit.event.ObjectLogEvent>
      <type>1</type>
      <factId>883</factId>
      <objectToString>Message [sender=ProcessReservationNode, type=1, timestamp=222675]</objectToString>
    </org.drools.core.audit.event.ObjectLogEvent>
    <org.drools.core.audit.event.ObjectLogEvent>
      <type>1</type>
      <factId>884</factId>
      <objectToString>Message [sender=TravelInfoNode, type=1, timestamp=222931]</objectToString>
    </org.drools.core.audit.event.ObjectLogEvent>
    <org.drools.core.audit.event.ObjectLogEvent>
      <type>1</type>
      <factId>885</factId>
      <objectToString>Message [sender=TravelInfoNode, type=0, timestamp=222932]</objectToString>
    </org.drools.core.audit.event.ObjectLogEvent>
    <org.drools.core.audit.event.ObjectLogEvent>
      <type>1</type>
      <factId>886</factId>
      <objectToString>Message [sender=ProcessReservationNode, type=0, timestamp=222935]</objectToString>
    </org.drools.core.audit.event.ObjectLogEvent>
    <org.drools.core.audit.event.ObjectLogEvent>
      <type>1</type>
      <factId>887</factId>
      <objectToString>Message [sender=BillingInfoNode, type=0, timestamp=222936]</objectToString>
    </org.drools.core.audit.event.ObjectLogEvent>
    <org.drools.core.audit.event.ObjectLogEvent>
      <type>1</type>
      <factId>888</factId>
      <objectToString>Message [sender=BillingInfoNode, type=1, timestamp=222947]</objectToString>
    </org.drools.core.audit.event.ObjectLogEvent>
    <org.drools.core.audit.event.ObjectLogEvent>
      <type>1</type>
      <factId>889</factId>
      <objectToString>Message [sender=SelectModeOfReciptNode, type=1, timestamp=223354]</objectToString>
    </org.drools.core.audit.event.ObjectLogEvent>
    <org.drools.core.audit.event.ObjectLogEvent>
      <type>1</type>
      <factId>890</factId>
      <objectToString>Message [sender=PaymentInfoNode, type=1, timestamp=223355]</objectToString>
    </org.drools.core.audit.event.ObjectLogEvent>
    <org.drools.core.audit.event.ObjectLogEvent>
      <type>1</type>
      <factId>891</factId>
      <objectToString>Message [sender=PaymentInfoNode, type=0, timestamp=223355]</objectToString>
    </org.drools.core.audit.event.ObjectLogEvent>
    <org.drools.core.audit.event.ObjectLogEvent>
      <type>1</type>
      <factId>892</factId>
      <objectToString>Message [sender=ProcessPaymentNode, type=0, timestamp=223358]</objectToString>
    </org.drools.core.audit.event.ObjectLogEvent>
    <org.drools.core.audit.event.ObjectLogEvent>
      <type>1</type>
      <factId>893</factId>
      <objectToString>Message [sender=SelectModeOfReciptNode, type=0, timestamp=223358]</objectToString>
    </org.drools.core.audit.event.ObjectLogEvent>
    <org.drools.core.audit.event.ObjectLogEvent>
      <type>1</type>
      <factId>894</factId>
      <objectToString>Message [sender=TravelInfoNode, type=1, timestamp=223883]</objectToString>
    </org.drools.core.audit.event.ObjectLogEvent>
    <org.drools.core.audit.event.ObjectLogEvent>
      <type>1</type>
      <factId>895</factId>
      <objectToString>Message [sender=TravelInfoNode, type=0, timestamp=223884]</objectToString>
    </org.drools.core.audit.event.ObjectLogEvent>
    <org.drools.core.audit.event.ObjectLogEvent>
      <type>1</type>
      <factId>896</factId>
      <objectToString>Message [sender=BillingInfoNode, type=0, timestamp=223886]</objectToString>
    </org.drools.core.audit.event.ObjectLogEvent>
    <org.drools.core.audit.event.ObjectLogEvent>
      <type>1</type>
      <factId>897</factId>
      <objectToString>Message [sender=BillingInfoNode, type=1, timestamp=223890]</objectToString>
    </org.drools.core.audit.event.ObjectLogEvent>
    <org.drools.core.audit.event.ObjectLogEvent>
      <type>1</type>
      <factId>898</factId>
      <objectToString>Message [sender=ProcessReservationNode, type=1, timestamp=223934]</objectToString>
    </org.drools.core.audit.event.ObjectLogEvent>
    <org.drools.core.audit.event.ObjectLogEvent>
      <type>1</type>
      <factId>899</factId>
      <objectToString>Message [sender=ProcessReservationNode, type=0, timestamp=223935]</objectToString>
    </org.drools.core.audit.event.ObjectLogEvent>
    <org.drools.core.audit.event.ObjectLogEvent>
      <type>1</type>
      <factId>900</factId>
      <objectToString>Message [sender=ProcessPaymentNode, type=1, timestamp=224353]</objectToString>
    </org.drools.core.audit.event.ObjectLogEvent>
    <org.drools.core.audit.event.ObjectLogEvent>
      <type>1</type>
      <factId>901</factId>
      <objectToString>Message [sender=TravelInfoNode, type=1, timestamp=224755]</objectToString>
    </org.drools.core.audit.event.ObjectLogEvent>
    <org.drools.core.audit.event.ObjectLogEvent>
      <type>1</type>
      <factId>902</factId>
      <objectToString>Message [sender=TravelInfoNode, type=0, timestamp=224755]</objectToString>
    </org.drools.core.audit.event.ObjectLogEvent>
    <org.drools.core.audit.event.ObjectLogEvent>
      <type>1</type>
      <factId>903</factId>
      <objectToString>Message [sender=BillingInfoNode, type=0, timestamp=224757]</objectToString>
    </org.drools.core.audit.event.ObjectLogEvent>
    <org.drools.core.audit.event.ObjectLogEvent>
      <type>1</type>
      <factId>904</factId>
      <objectToString>Message [sender=BillingInfoNode, type=1, timestamp=224763]</objectToString>
    </org.drools.core.audit.event.ObjectLogEvent>
    <org.drools.core.audit.event.ObjectLogEvent>
      <type>1</type>
      <factId>905</factId>
      <objectToString>Message [sender=ProcessReservationNode, type=1, timestamp=224947]</objectToString>
    </org.drools.core.audit.event.ObjectLogEvent>
    <org.drools.core.audit.event.ObjectLogEvent>
      <type>1</type>
      <factId>906</factId>
      <objectToString>Message [sender=ProcessReservationNode, type=0, timestamp=224947]</objectToString>
    </org.drools.core.audit.event.ObjectLogEvent>
    <org.drools.core.audit.event.ObjectLogEvent>
      <type>1</type>
      <factId>907</factId>
      <objectToString>Message [sender=SelectModeOfReciptNode, type=1, timestamp=225353]</objectToString>
    </org.drools.core.audit.event.ObjectLogEvent>
    <org.drools.core.audit.event.ObjectLogEvent>
      <type>1</type>
      <factId>908</factId>
      <objectToString>Message [sender=DeliveryAddressNode, type=1, timestamp=225354]</objectToString>
    </org.drools.core.audit.event.ObjectLogEvent>
    <org.drools.core.audit.event.ObjectLogEvent>
      <type>1</type>
      <factId>909</factId>
      <objectToString>Message [sender=PaymentInfoNode, type=1, timestamp=225354]</objectToString>
    </org.drools.core.audit.event.ObjectLogEvent>
    <org.drools.core.audit.event.ObjectLogEvent>
      <type>1</type>
      <factId>910</factId>
      <objectToString>Message [sender=DeliveryAddressNode, type=0, timestamp=225354]</objectToString>
    </org.drools.core.audit.event.ObjectLogEvent>
    <org.drools.core.audit.event.ObjectLogEvent>
      <type>1</type>
      <factId>911</factId>
      <objectToString>Message [sender=PaymentInfoNode, type=0, timestamp=225355]</objectToString>
    </org.drools.core.audit.event.ObjectLogEvent>
    <org.drools.core.audit.event.ObjectLogEvent>
      <type>1</type>
      <factId>912</factId>
      <objectToString>Message [sender=ProcessPaymentNode, type=0, timestamp=225358]</objectToString>
    </org.drools.core.audit.event.ObjectLogEvent>
    <org.drools.core.audit.event.ObjectLogEvent>
      <type>1</type>
      <factId>913</factId>
      <objectToString>Message [sender=SelectModeOfReciptNode, type=0, timestamp=225359]</objectToString>
    </org.drools.core.audit.event.ObjectLogEvent>
    <org.drools.core.audit.event.ObjectLogEvent>
      <type>1</type>
      <factId>914</factId>
      <objectToString>Message [sender=TravelInfoNode, type=1, timestamp=225581]</objectToString>
    </org.drools.core.audit.event.ObjectLogEvent>
    <org.drools.core.audit.event.ObjectLogEvent>
      <type>1</type>
      <factId>915</factId>
      <objectToString>Message [sender=TravelInfoNode, type=0, timestamp=225581]</objectToString>
    </org.drools.core.audit.event.ObjectLogEvent>
    <org.drools.core.audit.event.ObjectLogEvent>
      <type>1</type>
      <factId>916</factId>
      <objectToString>Message [sender=BillingInfoNode, type=0, timestamp=225582]</objectToString>
    </org.drools.core.audit.event.ObjectLogEvent>
    <org.drools.core.audit.event.ObjectLogEvent>
      <type>1</type>
      <factId>917</factId>
      <objectToString>Message [sender=BillingInfoNode, type=1, timestamp=225584]</objectToString>
    </org.drools.core.audit.event.ObjectLogEvent>
    <org.drools.core.audit.event.ObjectLogEvent>
      <type>1</type>
      <factId>918</factId>
      <objectToString>Message [sender=ProcessReservationNode, type=1, timestamp=225946]</objectToString>
    </org.drools.core.audit.event.ObjectLogEvent>
    <org.drools.core.audit.event.ObjectLogEvent>
      <type>1</type>
      <factId>919</factId>
      <objectToString>Message [sender=ProcessReservationNode, type=0, timestamp=225947]</objectToString>
    </org.drools.core.audit.event.ObjectLogEvent>
    <org.drools.core.audit.event.ObjectLogEvent>
      <type>1</type>
      <factId>920</factId>
      <objectToString>Message [sender=TravelInfoNode, type=1, timestamp=226210]</objectToString>
    </org.drools.core.audit.event.ObjectLogEvent>
    <org.drools.core.audit.event.ObjectLogEvent>
      <type>1</type>
      <factId>921</factId>
      <objectToString>Message [sender=TravelInfoNode, type=0, timestamp=226211]</objectToString>
    </org.drools.core.audit.event.ObjectLogEvent>
    <org.drools.core.audit.event.ObjectLogEvent>
      <type>1</type>
      <factId>922</factId>
      <objectToString>Message [sender=BillingInfoNode, type=0, timestamp=226213]</objectToString>
    </org.drools.core.audit.event.ObjectLogEvent>
    <org.drools.core.audit.event.ObjectLogEvent>
      <type>1</type>
      <factId>923</factId>
      <objectToString>Message [sender=BillingInfoNode, type=1, timestamp=226218]</objectToString>
    </org.drools.core.audit.event.ObjectLogEvent>
    <org.drools.core.audit.event.ObjectLogEvent>
      <type>1</type>
      <factId>924</factId>
      <objectToString>Message [sender=ProcessPaymentNode, type=1, timestamp=226353]</objectToString>
    </org.drools.core.audit.event.ObjectLogEvent>
    <org.drools.core.audit.event.ObjectLogEvent>
      <type>1</type>
      <factId>925</factId>
      <objectToString>Message [sender=TravelInfoNode, type=1, timestamp=226802]</objectToString>
    </org.drools.core.audit.event.ObjectLogEvent>
    <org.drools.core.audit.event.ObjectLogEvent>
      <type>1</type>
      <factId>926</factId>
      <objectToString>Message [sender=TravelInfoNode, type=0, timestamp=226803]</objectToString>
    </org.drools.core.audit.event.ObjectLogEvent>
    <org.drools.core.audit.event.ObjectLogEvent>
      <type>1</type>
      <factId>927</factId>
      <objectToString>Message [sender=BillingInfoNode, type=0, timestamp=226808]</objectToString>
    </org.drools.core.audit.event.ObjectLogEvent>
    <org.drools.core.audit.event.ObjectLogEvent>
      <type>1</type>
      <factId>928</factId>
      <objectToString>Message [sender=ProcessReservationNode, type=1, timestamp=226947]</objectToString>
    </org.drools.core.audit.event.ObjectLogEvent>
    <org.drools.core.audit.event.ObjectLogEvent>
      <type>1</type>
      <factId>929</factId>
      <objectToString>Message [sender=ProcessReservationNode, type=0, timestamp=226948]</objectToString>
    </org.drools.core.audit.event.ObjectLogEvent>
    <org.drools.core.audit.event.ObjectLogEvent>
      <type>1</type>
      <factId>930</factId>
      <objectToString>Message [sender=SelectModeOfReciptNode, type=1, timestamp=227353]</objectToString>
    </org.drools.core.audit.event.ObjectLogEvent>
    <org.drools.core.audit.event.ObjectLogEvent>
      <type>1</type>
      <factId>931</factId>
      <objectToString>Message [sender=PaymentInfoNode, type=1, timestamp=227354]</objectToString>
    </org.drools.core.audit.event.ObjectLogEvent>
    <org.drools.core.audit.event.ObjectLogEvent>
      <type>1</type>
      <factId>932</factId>
      <objectToString>Message [sender=PaymentInfoNode, type=0, timestamp=227355]</objectToString>
    </org.drools.core.audit.event.ObjectLogEvent>
    <org.drools.core.audit.event.ObjectLogEvent>
      <type>1</type>
      <factId>933</factId>
      <objectToString>Message [sender=ProcessPaymentNode, type=0, timestamp=227355]</objectToString>
    </org.drools.core.audit.event.ObjectLogEvent>
    <org.drools.core.audit.event.ObjectLogEvent>
      <type>1</type>
      <factId>934</factId>
      <objectToString>Message [sender=SelectModeOfReciptNode, type=0, timestamp=227356]</objectToString>
    </org.drools.core.audit.event.ObjectLogEvent>
    <org.drools.core.audit.event.ObjectLogEvent>
      <type>1</type>
      <factId>935</factId>
      <objectToString>Message [sender=ProcessReservationNode, type=1, timestamp=227948]</objectToString>
    </org.drools.core.audit.event.ObjectLogEvent>
    <org.drools.core.audit.event.ObjectLogEvent>
      <type>1</type>
      <factId>936</factId>
      <objectToString>Message [sender=ProcessReservationNode, type=0, timestamp=227949]</objectToString>
    </org.drools.core.audit.event.ObjectLogEvent>
    <org.drools.core.audit.event.ObjectLogEvent>
      <type>1</type>
      <factId>937</factId>
      <objectToString>Message [sender=DeliveryAddressNode, type=1, timestamp=228353]</objectToString>
    </org.drools.core.audit.event.ObjectLogEvent>
    <org.drools.core.audit.event.ObjectLogEvent>
      <type>1</type>
      <factId>938</factId>
      <objectToString>Message [sender=DeliveryAddressNode, type=0, timestamp=228353]</objectToString>
    </org.drools.core.audit.event.ObjectLogEvent>
    <org.drools.core.audit.event.ObjectLogEvent>
      <type>1</type>
      <factId>939</factId>
      <objectToString>Message [sender=ProcessPaymentNode, type=1, timestamp=228360]</objectToString>
    </org.drools.core.audit.event.ObjectLogEvent>
    <org.drools.core.audit.event.ObjectLogEvent>
      <type>1</type>
      <factId>940</factId>
      <objectToString>Message [sender=ProcessReservationNode, type=1, timestamp=228950]</objectToString>
    </org.drools.core.audit.event.ObjectLogEvent>
    <org.drools.core.audit.event.ObjectLogEvent>
      <type>1</type>
      <factId>941</factId>
      <objectToString>Message [sender=PaymentInfoNode, type=1, timestamp=229355]</objectToString>
    </org.drools.core.audit.event.ObjectLogEvent>
    <org.drools.core.audit.event.ObjectLogEvent>
      <type>1</type>
      <factId>942</factId>
      <objectToString>Message [sender=PaymentInfoNode, type=0, timestamp=229355]</objectToString>
    </org.drools.core.audit.event.ObjectLogEvent>
    <org.drools.core.audit.event.ObjectLogEvent>
      <type>1</type>
      <factId>943</factId>
      <objectToString>Message [sender=ProcessPaymentNode, type=0, timestamp=229356]</objectToString>
    </org.drools.core.audit.event.ObjectLogEvent>
    <org.drools.core.audit.event.ObjectLogEvent>
      <type>1</type>
      <factId>944</factId>
      <objectToString>Message [sender=SelectModeOfReciptNode, type=1, timestamp=229356]</objectToString>
    </org.drools.core.audit.event.ObjectLogEvent>
    <org.drools.core.audit.event.ObjectLogEvent>
      <type>1</type>
      <factId>945</factId>
      <objectToString>Message [sender=SelectModeOfReciptNode, type=0, timestamp=229357]</objectToString>
    </org.drools.core.audit.event.ObjectLogEvent>
    <org.drools.core.audit.event.ObjectLogEvent>
      <type>1</type>
      <factId>946</factId>
      <objectToString>Message [sender=BillingInfoNode, type=1, timestamp=230046]</objectToString>
    </org.drools.core.audit.event.ObjectLogEvent>
    <org.drools.core.audit.event.ObjectLogEvent>
      <type>1</type>
      <factId>947</factId>
      <objectToString>Message [sender=ProcessPaymentNode, type=1, timestamp=230358]</objectToString>
    </org.drools.core.audit.event.ObjectLogEvent>
    <org.drools.core.audit.event.ObjectLogEvent>
      <type>1</type>
      <factId>948</factId>
      <objectToString>Message [sender=DeliveryAddressNode, type=1, timestamp=231358]</objectToString>
    </org.drools.core.audit.event.ObjectLogEvent>
    <org.drools.core.audit.event.ObjectLogEvent>
      <type>1</type>
      <factId>949</factId>
      <objectToString>Message [sender=PaymentInfoNode, type=1, timestamp=231359]</objectToString>
    </org.drools.core.audit.event.ObjectLogEvent>
    <org.drools.core.audit.event.ObjectLogEvent>
      <type>1</type>
      <factId>950</factId>
      <objectToString>Message [sender=SelectModeOfReciptNode, type=1, timestamp=231360]</objectToString>
    </org.drools.core.audit.event.ObjectLogEvent>
    <org.drools.core.audit.event.ObjectLogEvent>
      <type>1</type>
      <factId>951</factId>
      <objectToString>Message [sender=PaymentInfoNode, type=0, timestamp=231360]</objectToString>
    </org.drools.core.audit.event.ObjectLogEvent>
    <org.drools.core.audit.event.ObjectLogEvent>
      <type>1</type>
      <factId>952</factId>
      <objectToString>Message [sender=ProcessPaymentNode, type=0, timestamp=231360]</objectToString>
    </org.drools.core.audit.event.ObjectLogEvent>
    <org.drools.core.audit.event.ObjectLogEvent>
      <type>1</type>
      <factId>953</factId>
      <objectToString>Message [sender=SelectModeOfReciptNode, type=0, timestamp=231361]</objectToString>
    </org.drools.core.audit.event.ObjectLogEvent>
    <org.drools.core.audit.event.ObjectLogEvent>
      <type>1</type>
      <factId>954</factId>
      <objectToString>Message [sender=DeliveryAddressNode, type=0, timestamp=231362]</objectToString>
    </org.drools.core.audit.event.ObjectLogEvent>
    <org.drools.core.audit.event.ObjectLogEvent>
      <type>1</type>
      <factId>955</factId>
      <objectToString>Message [sender=ProcessPaymentNode, type=1, timestamp=232358]</objectToString>
    </org.drools.core.audit.event.ObjectLogEvent>
    <org.drools.core.audit.event.ObjectLogEvent>
      <type>1</type>
      <factId>956</factId>
      <objectToString>Message [sender=SelectModeOfReciptNode, type=1, timestamp=233359]</objectToString>
    </org.drools.core.audit.event.ObjectLogEvent>
    <org.drools.core.audit.event.ObjectLogEvent>
      <type>1</type>
      <factId>957</factId>
      <objectToString>Message [sender=PaymentInfoNode, type=1, timestamp=233359]</objectToString>
    </org.drools.core.audit.event.ObjectLogEvent>
    <org.drools.core.audit.event.ObjectLogEvent>
      <type>1</type>
      <factId>958</factId>
      <objectToString>Message [sender=PaymentInfoNode, type=0, timestamp=233360]</objectToString>
    </org.drools.core.audit.event.ObjectLogEvent>
    <org.drools.core.audit.event.ObjectLogEvent>
      <type>1</type>
      <factId>959</factId>
      <objectToString>Message [sender=ProcessPaymentNode, type=0, timestamp=233361]</objectToString>
    </org.drools.core.audit.event.ObjectLogEvent>
    <org.drools.core.audit.event.ObjectLogEvent>
      <type>1</type>
      <factId>960</factId>
      <objectToString>Message [sender=SelectModeOfReciptNode, type=0, timestamp=233363]</objectToString>
    </org.drools.core.audit.event.ObjectLogEvent>
    <org.drools.core.audit.event.ObjectLogEvent>
      <type>1</type>
      <factId>961</factId>
      <objectToString>Message [sender=DeliveryAddressNode, type=1, timestamp=234358]</objectToString>
    </org.drools.core.audit.event.ObjectLogEvent>
    <org.drools.core.audit.event.ObjectLogEvent>
      <type>1</type>
      <factId>962</factId>
      <objectToString>Message [sender=ProcessPaymentNode, type=1, timestamp=234358]</objectToString>
    </org.drools.core.audit.event.ObjectLogEvent>
    <org.drools.core.audit.event.ObjectLogEvent>
      <type>1</type>
      <factId>963</factId>
      <objectToString>Message [sender=DeliveryAddressNode, type=0, timestamp=234359]</objectToString>
    </org.drools.core.audit.event.ObjectLogEvent>
    <org.drools.core.audit.event.ObjectLogEvent>
      <type>1</type>
      <factId>964</factId>
      <objectToString>Message [sender=PaymentInfoNode, type=1, timestamp=235374]</objectToString>
    </org.drools.core.audit.event.ObjectLogEvent>
    <org.drools.core.audit.event.ObjectLogEvent>
      <type>1</type>
      <factId>965</factId>
      <objectToString>Message [sender=SelectModeOfReciptNode, type=1, timestamp=235374]</objectToString>
    </org.drools.core.audit.event.ObjectLogEvent>
    <org.drools.core.audit.event.ObjectLogEvent>
      <type>1</type>
      <factId>966</factId>
      <objectToString>Message [sender=PaymentInfoNode, type=0, timestamp=235375]</objectToString>
    </org.drools.core.audit.event.ObjectLogEvent>
    <org.drools.core.audit.event.ObjectLogEvent>
      <type>1</type>
      <factId>967</factId>
      <objectToString>Message [sender=ProcessPaymentNode, type=0, timestamp=235375]</objectToString>
    </org.drools.core.audit.event.ObjectLogEvent>
    <org.drools.core.audit.event.ObjectLogEvent>
      <type>1</type>
      <factId>968</factId>
      <objectToString>Message [sender=SelectModeOfReciptNode, type=0, timestamp=235376]</objectToString>
    </org.drools.core.audit.event.ObjectLogEvent>
    <org.drools.core.audit.event.ObjectLogEvent>
      <type>1</type>
      <factId>969</factId>
      <objectToString>Message [sender=ProcessPaymentNode, type=1, timestamp=236389]</objectToString>
    </org.drools.core.audit.event.ObjectLogEvent>
    <org.drools.core.audit.event.ObjectLogEvent>
      <type>1</type>
      <factId>970</factId>
      <objectToString>Message [sender=DeliveryAddressNode, type=1, timestamp=237358]</objectToString>
    </org.drools.core.audit.event.ObjectLogEvent>
    <org.drools.core.audit.event.ObjectLogEvent>
      <type>1</type>
      <factId>971</factId>
      <objectToString>Message [sender=PaymentInfoNode, type=1, timestamp=237392]</objectToString>
    </org.drools.core.audit.event.ObjectLogEvent>
    <org.drools.core.audit.event.ObjectLogEvent>
      <type>1</type>
      <factId>972</factId>
      <objectToString>Message [sender=SelectModeOfReciptNode, type=1, timestamp=237396]</objectToString>
    </org.drools.core.audit.event.ObjectLogEvent>
    <org.drools.core.audit.event.ObjectLogEvent>
      <type>1</type>
      <factId>973</factId>
      <objectToString>Message [sender=PaymentInfoNode, type=0, timestamp=237397]</objectToString>
    </org.drools.core.audit.event.ObjectLogEvent>
    <org.drools.core.audit.event.ObjectLogEvent>
      <type>1</type>
      <factId>974</factId>
      <objectToString>Message [sender=ProcessPaymentNode, type=0, timestamp=237398]</objectToString>
    </org.drools.core.audit.event.ObjectLogEvent>
    <org.drools.core.audit.event.ObjectLogEvent>
      <type>1</type>
      <factId>975</factId>
      <objectToString>Message [sender=SelectModeOfReciptNode, type=0, timestamp=237400]</objectToString>
    </org.drools.core.audit.event.ObjectLogEvent>
    <org.drools.core.audit.event.ObjectLogEvent>
      <type>1</type>
      <factId>976</factId>
      <objectToString>Message [sender=ProcessPaymentNode, type=1, timestamp=238405]</objectToString>
    </org.drools.core.audit.event.ObjectLogEvent>
    <org.drools.core.audit.event.ObjectLogEvent>
      <type>1</type>
      <factId>977</factId>
      <objectToString>Message [sender=PaymentInfoNode, type=1, timestamp=239405]</objectToString>
    </org.drools.core.audit.event.ObjectLogEvent>
    <org.drools.core.audit.event.ObjectLogEvent>
      <type>1</type>
      <factId>978</factId>
      <objectToString>Message [sender=PaymentInfoNode, type=0, timestamp=239405]</objectToString>
    </org.drools.core.audit.event.ObjectLogEvent>
    <org.drools.core.audit.event.ObjectLogEvent>
      <type>1</type>
      <factId>979</factId>
      <objectToString>Message [sender=SelectModeOfReciptNode, type=1, timestamp=239406]</objectToString>
    </org.drools.core.audit.event.ObjectLogEvent>
    <org.drools.core.audit.event.ObjectLogEvent>
      <type>1</type>
      <factId>980</factId>
      <objectToString>Message [sender=ProcessPaymentNode, type=0, timestamp=239406]</objectToString>
    </org.drools.core.audit.event.ObjectLogEvent>
    <org.drools.core.audit.event.ObjectLogEvent>
      <type>1</type>
      <factId>981</factId>
      <objectToString>Message [sender=SelectModeOfReciptNode, type=0, timestamp=239408]</objectToString>
    </org.drools.core.audit.event.ObjectLogEvent>
    <org.drools.core.audit.event.ObjectLogEvent>
      <type>1</type>
      <factId>982</factId>
      <objectToString>Message [sender=ProcessPaymentNode, type=1, timestamp=240405]</objectToString>
    </org.drools.core.audit.event.ObjectLogEvent>
    <org.drools.core.audit.event.ObjectLogEvent>
      <type>1</type>
      <factId>983</factId>
      <objectToString>Message [sender=SelectModeOfReciptNode, type=1, timestamp=241406]</objectToString>
    </org.drools.core.audit.event.ObjectLogEvent>
    <org.drools.core.audit.event.ObjectLogEvent>
      <type>1</type>
      <factId>984</factId>
      <objectToString>Message [sender=PaymentInfoNode, type=1, timestamp=241407]</objectToString>
    </org.drools.core.audit.event.ObjectLogEvent>
    <org.drools.core.audit.event.ObjectLogEvent>
      <type>1</type>
      <factId>985</factId>
      <objectToString>Message [sender=ProcessPaymentNode, type=0, timestamp=241407]</objectToString>
    </org.drools.core.audit.event.ObjectLogEvent>
    <org.drools.core.audit.event.ObjectLogEvent>
      <type>1</type>
      <factId>986</factId>
      <objectToString>Message [sender=SelectModeOfReciptNode, type=0, timestamp=241409]</objectToString>
    </org.drools.core.audit.event.ObjectLogEvent>
    <org.drools.core.audit.event.ObjectLogEvent>
      <type>1</type>
      <factId>987</factId>
      <objectToString>Message [sender=ProcessPaymentNode, type=1, timestamp=242421]</objectToString>
    </org.drools.core.audit.event.ObjectLogEvent>
    <org.drools.core.audit.event.ObjectLogEvent>
      <type>1</type>
      <factId>988</factId>
      <objectToString>Message [sender=SelectModeOfReciptNode, type=1, timestamp=243406]</objectToString>
    </org.drools.core.audit.event.ObjectLogEvent>
    <org.drools.core.audit.event.ObjectLogEvent>
      <type>1</type>
      <factId>989</factId>
      <objectToString>Message [sender=TravelInfoNode, type=1, timestamp=252210]</objectToString>
    </org.drools.core.audit.event.ObjectLogEvent>
    <org.drools.core.audit.event.ObjectLogEvent>
      <type>1</type>
      <factId>990</factId>
      <objectToString>Message [sender=TravelInfoNode, type=0, timestamp=252211]</objectToString>
    </org.drools.core.audit.event.ObjectLogEvent>
    <org.drools.core.audit.event.ObjectLogEvent>
      <type>1</type>
      <factId>991</factId>
      <objectToString>Message [sender=ProcessReservationNode, type=0, timestamp=252214]</objectToString>
    </org.drools.core.audit.event.ObjectLogEvent>
    <org.drools.core.audit.event.ObjectLogEvent>
      <type>1</type>
      <factId>992</factId>
      <objectToString>Message [sender=BillingInfoNode, type=0, timestamp=252215]</objectToString>
    </org.drools.core.audit.event.ObjectLogEvent>
    <org.drools.core.audit.event.ObjectLogEvent>
      <type>1</type>
      <factId>993</factId>
      <objectToString>Message [sender=BillingInfoNode, type=1, timestamp=252231]</objectToString>
    </org.drools.core.audit.event.ObjectLogEvent>
    <org.drools.core.audit.event.ObjectLogEvent>
      <type>1</type>
      <factId>994</factId>
      <objectToString>Message [sender=TravelInfoNode, type=1, timestamp=252802]</objectToString>
    </org.drools.core.audit.event.ObjectLogEvent>
    <org.drools.core.audit.event.ObjectLogEvent>
      <type>1</type>
      <factId>995</factId>
      <objectToString>Message [sender=TravelInfoNode, type=0, timestamp=252802]</objectToString>
    </org.drools.core.audit.event.ObjectLogEvent>
    <org.drools.core.audit.event.ObjectLogEvent>
      <type>1</type>
      <factId>996</factId>
      <objectToString>Message [sender=BillingInfoNode, type=0, timestamp=252805]</objectToString>
    </org.drools.core.audit.event.ObjectLogEvent>
    <org.drools.core.audit.event.ObjectLogEvent>
      <type>1</type>
      <factId>997</factId>
      <objectToString>Message [sender=BillingInfoNode, type=1, timestamp=252808]</objectToString>
    </org.drools.core.audit.event.ObjectLogEvent>
    <org.drools.core.audit.event.ObjectLogEvent>
      <type>1</type>
      <factId>998</factId>
      <objectToString>Message [sender=TravelInfoNode, type=1, timestamp=253011]</objectToString>
    </org.drools.core.audit.event.ObjectLogEvent>
    <org.drools.core.audit.event.ObjectLogEvent>
      <type>1</type>
      <factId>999</factId>
      <objectToString>Message [sender=TravelInfoNode, type=0, timestamp=253012]</objectToString>
    </org.drools.core.audit.event.ObjectLogEvent>
    <org.drools.core.audit.event.ObjectLogEvent>
      <type>1</type>
      <factId>1000</factId>
      <objectToString>Message [sender=BillingInfoNode, type=0, timestamp=253014]</objectToString>
    </org.drools.core.audit.event.ObjectLogEvent>
    <org.drools.core.audit.event.ObjectLogEvent>
      <type>1</type>
      <factId>1001</factId>
      <objectToString>Message [sender=BillingInfoNode, type=1, timestamp=253017]</objectToString>
    </org.drools.core.audit.event.ObjectLogEvent>
    <org.drools.core.audit.event.ObjectLogEvent>
      <type>1</type>
      <factId>1002</factId>
      <objectToString>Message [sender=ProcessReservationNode, type=1, timestamp=253214]</objectToString>
    </org.drools.core.audit.event.ObjectLogEvent>
    <org.drools.core.audit.event.ObjectLogEvent>
      <type>1</type>
      <factId>1003</factId>
      <objectToString>Message [sender=ProcessReservationNode, type=0, timestamp=253215]</objectToString>
    </org.drools.core.audit.event.ObjectLogEvent>
    <org.drools.core.audit.event.ObjectLogEvent>
      <type>1</type>
      <factId>1004</factId>
      <objectToString>Message [sender=PaymentInfoNode, type=0, timestamp=253218]</objectToString>
    </org.drools.core.audit.event.ObjectLogEvent>
    <org.drools.core.audit.event.ObjectLogEvent>
      <type>1</type>
      <factId>1005</factId>
      <objectToString>Message [sender=TravelInfoNode, type=1, timestamp=253283]</objectToString>
    </org.drools.core.audit.event.ObjectLogEvent>
    <org.drools.core.audit.event.ObjectLogEvent>
      <type>1</type>
      <factId>1006</factId>
      <objectToString>Message [sender=TravelInfoNode, type=0, timestamp=253283]</objectToString>
    </org.drools.core.audit.event.ObjectLogEvent>
    <org.drools.core.audit.event.ObjectLogEvent>
      <type>1</type>
      <factId>1007</factId>
      <objectToString>Message [sender=BillingInfoNode, type=0, timestamp=253285]</objectToString>
    </org.drools.core.audit.event.ObjectLogEvent>
    <org.drools.core.audit.event.ObjectLogEvent>
      <type>1</type>
      <factId>1008</factId>
      <objectToString>Message [sender=BillingInfoNode, type=1, timestamp=253290]</objectToString>
    </org.drools.core.audit.event.ObjectLogEvent>
    <org.drools.core.audit.event.ObjectLogEvent>
      <type>1</type>
      <factId>1009</factId>
      <objectToString>Message [sender=TravelInfoNode, type=1, timestamp=253514]</objectToString>
    </org.drools.core.audit.event.ObjectLogEvent>
    <org.drools.core.audit.event.ObjectLogEvent>
      <type>1</type>
      <factId>1010</factId>
      <objectToString>Message [sender=TravelInfoNode, type=0, timestamp=253514]</objectToString>
    </org.drools.core.audit.event.ObjectLogEvent>
    <org.drools.core.audit.event.ObjectLogEvent>
      <type>1</type>
      <factId>1011</factId>
      <objectToString>Message [sender=BillingInfoNode, type=0, timestamp=253516]</objectToString>
    </org.drools.core.audit.event.ObjectLogEvent>
    <org.drools.core.audit.event.ObjectLogEvent>
      <type>1</type>
      <factId>1012</factId>
      <objectToString>Message [sender=BillingInfoNode, type=1, timestamp=253518]</objectToString>
    </org.drools.core.audit.event.ObjectLogEvent>
    <org.drools.core.audit.event.ObjectLogEvent>
      <type>1</type>
      <factId>1013</factId>
      <objectToString>Message [sender=TravelInfoNode, type=1, timestamp=253738]</objectToString>
    </org.drools.core.audit.event.ObjectLogEvent>
    <org.drools.core.audit.event.ObjectLogEvent>
      <type>1</type>
      <factId>1014</factId>
      <objectToString>Message [sender=TravelInfoNode, type=0, timestamp=253739]</objectToString>
    </org.drools.core.audit.event.ObjectLogEvent>
    <org.drools.core.audit.event.ObjectLogEvent>
      <type>1</type>
      <factId>1015</factId>
      <objectToString>Message [sender=BillingInfoNode, type=0, timestamp=253741]</objectToString>
    </org.drools.core.audit.event.ObjectLogEvent>
    <org.drools.core.audit.event.ObjectLogEvent>
      <type>1</type>
      <factId>1016</factId>
      <objectToString>Message [sender=BillingInfoNode, type=1, timestamp=253751]</objectToString>
    </org.drools.core.audit.event.ObjectLogEvent>
    <org.drools.core.audit.event.ObjectLogEvent>
      <type>1</type>
      <factId>1017</factId>
      <objectToString>Message [sender=TravelInfoNode, type=1, timestamp=253978]</objectToString>
    </org.drools.core.audit.event.ObjectLogEvent>
    <org.drools.core.audit.event.ObjectLogEvent>
      <type>1</type>
      <factId>1018</factId>
      <objectToString>Message [sender=TravelInfoNode, type=0, timestamp=253979]</objectToString>
    </org.drools.core.audit.event.ObjectLogEvent>
    <org.drools.core.audit.event.ObjectLogEvent>
      <type>1</type>
      <factId>1019</factId>
      <objectToString>Message [sender=BillingInfoNode, type=0, timestamp=253981]</objectToString>
    </org.drools.core.audit.event.ObjectLogEvent>
    <org.drools.core.audit.event.ObjectLogEvent>
      <type>1</type>
      <factId>1020</factId>
      <objectToString>Message [sender=BillingInfoNode, type=1, timestamp=253984]</objectToString>
    </org.drools.core.audit.event.ObjectLogEvent>
    <org.drools.core.audit.event.ObjectLogEvent>
      <type>1</type>
      <factId>1021</factId>
      <objectToString>Message [sender=TravelInfoNode, type=1, timestamp=254179]</objectToString>
    </org.drools.core.audit.event.ObjectLogEvent>
    <org.drools.core.audit.event.ObjectLogEvent>
      <type>1</type>
      <factId>1022</factId>
      <objectToString>Message [sender=TravelInfoNode, type=0, timestamp=254179]</objectToString>
    </org.drools.core.audit.event.ObjectLogEvent>
    <org.drools.core.audit.event.ObjectLogEvent>
      <type>1</type>
      <factId>1023</factId>
      <objectToString>Message [sender=BillingInfoNode, type=0, timestamp=254181]</objectToString>
    </org.drools.core.audit.event.ObjectLogEvent>
    <org.drools.core.audit.event.ObjectLogEvent>
      <type>1</type>
      <factId>1024</factId>
      <objectToString>Message [sender=BillingInfoNode, type=1, timestamp=254189]</objectToString>
    </org.drools.core.audit.event.ObjectLogEvent>
    <org.drools.core.audit.event.ObjectLogEvent>
      <type>1</type>
      <factId>1025</factId>
      <objectToString>Message [sender=ProcessReservationNode, type=1, timestamp=254232]</objectToString>
    </org.drools.core.audit.event.ObjectLogEvent>
    <org.drools.core.audit.event.ObjectLogEvent>
      <type>1</type>
      <factId>1026</factId>
      <objectToString>Message [sender=ProcessReservationNode, type=0, timestamp=254234]</objectToString>
    </org.drools.core.audit.event.ObjectLogEvent>
    <org.drools.core.audit.event.ObjectLogEvent>
      <type>1</type>
      <factId>1027</factId>
      <objectToString>Message [sender=TravelInfoNode, type=1, timestamp=254490]</objectToString>
    </org.drools.core.audit.event.ObjectLogEvent>
    <org.drools.core.audit.event.ObjectLogEvent>
      <type>1</type>
      <factId>1028</factId>
      <objectToString>Message [sender=TravelInfoNode, type=0, timestamp=254491]</objectToString>
    </org.drools.core.audit.event.ObjectLogEvent>
    <org.drools.core.audit.event.ObjectLogEvent>
      <type>1</type>
      <factId>1029</factId>
      <objectToString>Message [sender=BillingInfoNode, type=0, timestamp=254496]</objectToString>
    </org.drools.core.audit.event.ObjectLogEvent>
    <org.drools.core.audit.event.ObjectLogEvent>
      <type>1</type>
      <factId>1030</factId>
      <objectToString>Message [sender=TravelInfoNode, type=1, timestamp=254778]</objectToString>
    </org.drools.core.audit.event.ObjectLogEvent>
    <org.drools.core.audit.event.ObjectLogEvent>
      <type>1</type>
      <factId>1031</factId>
      <objectToString>Message [sender=TravelInfoNode, type=0, timestamp=254779]</objectToString>
    </org.drools.core.audit.event.ObjectLogEvent>
    <org.drools.core.audit.event.ObjectLogEvent>
      <type>1</type>
      <factId>1032</factId>
      <objectToString>Message [sender=TravelInfoNode, type=1, timestamp=254971]</objectToString>
    </org.drools.core.audit.event.ObjectLogEvent>
    <org.drools.core.audit.event.ObjectLogEvent>
      <type>1</type>
      <factId>1033</factId>
      <objectToString>Message [sender=TravelInfoNode, type=0, timestamp=254971]</objectToString>
    </org.drools.core.audit.event.ObjectLogEvent>
    <org.drools.core.audit.event.ObjectLogEvent>
      <type>1</type>
      <factId>1034</factId>
      <objectToString>Message [sender=TravelInfoNode, type=1, timestamp=255170]</objectToString>
    </org.drools.core.audit.event.ObjectLogEvent>
    <org.drools.core.audit.event.ObjectLogEvent>
      <type>1</type>
      <factId>1035</factId>
      <objectToString>Message [sender=TravelInfoNode, type=0, timestamp=255171]</objectToString>
    </org.drools.core.audit.event.ObjectLogEvent>
    <org.drools.core.audit.event.ObjectLogEvent>
      <type>1</type>
      <factId>1036</factId>
      <objectToString>Message [sender=PaymentInfoNode, type=1, timestamp=255217]</objectToString>
    </org.drools.core.audit.event.ObjectLogEvent>
    <org.drools.core.audit.event.ObjectLogEvent>
      <type>1</type>
      <factId>1037</factId>
      <objectToString>Message [sender=PaymentInfoNode, type=0, timestamp=255218]</objectToString>
    </org.drools.core.audit.event.ObjectLogEvent>
    <org.drools.core.audit.event.ObjectLogEvent>
      <type>1</type>
      <factId>1038</factId>
      <objectToString>Message [sender=SelectModeOfReciptNode, type=0, timestamp=255220]</objectToString>
    </org.drools.core.audit.event.ObjectLogEvent>
    <org.drools.core.audit.event.ObjectLogEvent>
      <type>1</type>
      <factId>1039</factId>
      <objectToString>Message [sender=ProcessPaymentNode, type=0, timestamp=255220]</objectToString>
    </org.drools.core.audit.event.ObjectLogEvent>
    <org.drools.core.audit.event.ObjectLogEvent>
      <type>1</type>
      <factId>1040</factId>
      <objectToString>Message [sender=ProcessReservationNode, type=1, timestamp=255232]</objectToString>
    </org.drools.core.audit.event.ObjectLogEvent>
    <org.drools.core.audit.event.ObjectLogEvent>
      <type>1</type>
      <factId>1041</factId>
      <objectToString>Message [sender=ProcessReservationNode, type=0, timestamp=255232]</objectToString>
    </org.drools.core.audit.event.ObjectLogEvent>
    <org.drools.core.audit.event.ObjectLogEvent>
      <type>1</type>
      <factId>1042</factId>
      <objectToString>Message [sender=TravelInfoNode, type=1, timestamp=255381]</objectToString>
    </org.drools.core.audit.event.ObjectLogEvent>
    <org.drools.core.audit.event.ObjectLogEvent>
      <type>1</type>
      <factId>1043</factId>
      <objectToString>Message [sender=TravelInfoNode, type=0, timestamp=255381]</objectToString>
    </org.drools.core.audit.event.ObjectLogEvent>
    <org.drools.core.audit.event.ObjectLogEvent>
      <type>1</type>
      <factId>1044</factId>
      <objectToString>Message [sender=TravelInfoNode, type=1, timestamp=255618]</objectToString>
    </org.drools.core.audit.event.ObjectLogEvent>
    <org.drools.core.audit.event.ObjectLogEvent>
      <type>1</type>
      <factId>1045</factId>
      <objectToString>Message [sender=TravelInfoNode, type=0, timestamp=255619]</objectToString>
    </org.drools.core.audit.event.ObjectLogEvent>
    <org.drools.core.audit.event.ObjectLogEvent>
      <type>1</type>
      <factId>1046</factId>
      <objectToString>Message [sender=ProcessPaymentNode, type=1, timestamp=256221]</objectToString>
    </org.drools.core.audit.event.ObjectLogEvent>
    <org.drools.core.audit.event.ObjectLogEvent>
      <type>1</type>
      <factId>1047</factId>
      <objectToString>Message [sender=ProcessReservationNode, type=1, timestamp=256233]</objectToString>
    </org.drools.core.audit.event.ObjectLogEvent>
    <org.drools.core.audit.event.ObjectLogEvent>
      <type>1</type>
      <factId>1048</factId>
      <objectToString>Message [sender=ProcessReservationNode, type=0, timestamp=256234]</objectToString>
    </org.drools.core.audit.event.ObjectLogEvent>
    <org.drools.core.audit.event.ObjectLogEvent>
      <type>1</type>
      <factId>1049</factId>
      <objectToString>Message [sender=PaymentInfoNode, type=1, timestamp=257220]</objectToString>
    </org.drools.core.audit.event.ObjectLogEvent>
    <org.drools.core.audit.event.ObjectLogEvent>
      <type>1</type>
      <factId>1050</factId>
      <objectToString>Message [sender=SelectModeOfReciptNode, type=1, timestamp=257221]</objectToString>
    </org.drools.core.audit.event.ObjectLogEvent>
    <org.drools.core.audit.event.ObjectLogEvent>
      <type>1</type>
      <factId>1051</factId>
      <objectToString>Message [sender=PaymentInfoNode, type=0, timestamp=257222]</objectToString>
    </org.drools.core.audit.event.ObjectLogEvent>
    <org.drools.core.audit.event.ObjectLogEvent>
      <type>1</type>
      <factId>1052</factId>
      <objectToString>Message [sender=ProcessPaymentNode, type=0, timestamp=257223]</objectToString>
    </org.drools.core.audit.event.ObjectLogEvent>
    <org.drools.core.audit.event.ObjectLogEvent>
      <type>1</type>
      <factId>1053</factId>
      <objectToString>Message [sender=SelectModeOfReciptNode, type=0, timestamp=257223]</objectToString>
    </org.drools.core.audit.event.ObjectLogEvent>
    <org.drools.core.audit.event.ObjectLogEvent>
      <type>1</type>
      <factId>1054</factId>
      <objectToString>Message [sender=ProcessReservationNode, type=1, timestamp=257236]</objectToString>
    </org.drools.core.audit.event.ObjectLogEvent>
    <org.drools.core.audit.event.ObjectLogEvent>
      <type>1</type>
      <factId>1055</factId>
      <objectToString>Message [sender=ProcessReservationNode, type=0, timestamp=257241]</objectToString>
    </org.drools.core.audit.event.ObjectLogEvent>
    <org.drools.core.audit.event.ObjectLogEvent>
      <type>1</type>
      <factId>1056</factId>
      <objectToString>Message [sender=ProcessPaymentNode, type=1, timestamp=258225]</objectToString>
    </org.drools.core.audit.event.ObjectLogEvent>
    <org.drools.core.audit.event.ObjectLogEvent>
      <type>1</type>
      <factId>1057</factId>
      <objectToString>Message [sender=ProcessReservationNode, type=1, timestamp=258243]</objectToString>
    </org.drools.core.audit.event.ObjectLogEvent>
    <org.drools.core.audit.event.ObjectLogEvent>
      <type>1</type>
      <factId>1058</factId>
      <objectToString>Message [sender=ProcessReservationNode, type=0, timestamp=258245]</objectToString>
    </org.drools.core.audit.event.ObjectLogEvent>
    <org.drools.core.audit.event.ObjectLogEvent>
      <type>1</type>
      <factId>1059</factId>
      <objectToString>Message [sender=SelectModeOfReciptNode, type=1, timestamp=259225]</objectToString>
    </org.drools.core.audit.event.ObjectLogEvent>
    <org.drools.core.audit.event.ObjectLogEvent>
      <type>1</type>
      <factId>1060</factId>
      <objectToString>Message [sender=PaymentInfoNode, type=1, timestamp=259225]</objectToString>
    </org.drools.core.audit.event.ObjectLogEvent>
    <org.drools.core.audit.event.ObjectLogEvent>
      <type>1</type>
      <factId>1061</factId>
      <objectToString>Message [sender=PaymentInfoNode, type=0, timestamp=259225]</objectToString>
    </org.drools.core.audit.event.ObjectLogEvent>
    <org.drools.core.audit.event.ObjectLogEvent>
      <type>1</type>
      <factId>1062</factId>
      <objectToString>Message [sender=ProcessPaymentNode, type=0, timestamp=259226]</objectToString>
    </org.drools.core.audit.event.ObjectLogEvent>
    <org.drools.core.audit.event.ObjectLogEvent>
      <type>1</type>
      <factId>1063</factId>
      <objectToString>Message [sender=SelectModeOfReciptNode, type=0, timestamp=259227]</objectToString>
    </org.drools.core.audit.event.ObjectLogEvent>
    <org.drools.core.audit.event.ObjectLogEvent>
      <type>1</type>
      <factId>1064</factId>
      <objectToString>Message [sender=ProcessReservationNode, type=1, timestamp=259248]</objectToString>
    </org.drools.core.audit.event.ObjectLogEvent>
    <org.drools.core.audit.event.ActivationLogEvent>
      <type>4</type>
      <activationId>Rule 1 : JOIN [1020, 1064]</activationId>
      <rule>Rule 1 : JOIN</rule>
      <declarations></declarations>
      <factHandleIds>1064,1020</factHandleIds>
    </org.drools.core.audit.event.ActivationLogEvent>
    <org.drools.core.audit.event.ActivationLogEvent>
      <type>6</type>
      <activationId>Rule 1 : JOIN [1020, 1064]</activationId>
      <rule>Rule 1 : JOIN</rule>
      <declarations></declarations>
      <factHandleIds>1064,1020</factHandleIds>
    </org.drools.core.audit.event.ActivationLogEvent>
    <org.drools.core.audit.event.ActivationLogEvent>
      <type>7</type>
      <activationId>Rule 1 : JOIN [1020, 1064]</activationId>
      <rule>Rule 1 : JOIN</rule>
      <declarations></declarations>
      <factHandleIds>1064,1020</factHandleIds>
    </org.drools.core.audit.event.ActivationLogEvent>
    <org.drools.core.audit.event.ObjectLogEvent>
      <type>1</type>
      <factId>1065</factId>
      <objectToString>Message [sender=ProcessReservationNode, type=0, timestamp=259250]</objectToString>
    </org.drools.core.audit.event.ObjectLogEvent>
    <org.drools.core.audit.event.ObjectLogEvent>
      <type>1</type>
      <factId>1066</factId>
      <objectToString>Message [sender=BillingInfoNode, type=1, timestamp=259742]</objectToString>
    </org.drools.core.audit.event.ObjectLogEvent>
    <org.drools.core.audit.event.ObjectLogEvent>
      <type>1</type>
      <factId>1067</factId>
      <objectToString>Message [sender=BillingInfoNode, type=0, timestamp=259743]</objectToString>
    </org.drools.core.audit.event.ObjectLogEvent>
    <org.drools.core.audit.event.ObjectLogEvent>
      <type>1</type>
      <factId>1068</factId>
      <objectToString>Message [sender=BillingInfoNode, type=1, timestamp=259746]</objectToString>
    </org.drools.core.audit.event.ObjectLogEvent>
    <org.drools.core.audit.event.ObjectLogEvent>
      <type>1</type>
      <factId>1069</factId>
      <objectToString>Message [sender=BillingInfoNode, type=0, timestamp=259747]</objectToString>
    </org.drools.core.audit.event.ObjectLogEvent>
    <org.drools.core.audit.event.ObjectLogEvent>
      <type>1</type>
      <factId>1070</factId>
      <objectToString>Message [sender=BillingInfoNode, type=1, timestamp=259751]</objectToString>
    </org.drools.core.audit.event.ObjectLogEvent>
    <org.drools.core.audit.event.ObjectLogEvent>
      <type>1</type>
      <factId>1071</factId>
      <objectToString>Message [sender=BillingInfoNode, type=0, timestamp=259757]</objectToString>
    </org.drools.core.audit.event.ObjectLogEvent>
    <org.drools.core.audit.event.ObjectLogEvent>
      <type>1</type>
      <factId>1072</factId>
      <objectToString>Message [sender=BillingInfoNode, type=1, timestamp=259759]</objectToString>
    </org.drools.core.audit.event.ObjectLogEvent>
    <org.drools.core.audit.event.ObjectLogEvent>
      <type>1</type>
      <factId>1073</factId>
      <objectToString>Message [sender=BillingInfoNode, type=0, timestamp=259760]</objectToString>
    </org.drools.core.audit.event.ObjectLogEvent>
    <org.drools.core.audit.event.ObjectLogEvent>
      <type>1</type>
      <factId>1074</factId>
      <objectToString>Message [sender=BillingInfoNode, type=1, timestamp=259766]</objectToString>
    </org.drools.core.audit.event.ObjectLogEvent>
    <org.drools.core.audit.event.ObjectLogEvent>
      <type>1</type>
      <factId>1075</factId>
      <objectToString>Message [sender=BillingInfoNode, type=0, timestamp=259766]</objectToString>
    </org.drools.core.audit.event.ObjectLogEvent>
    <org.drools.core.audit.event.ObjectLogEvent>
      <type>1</type>
      <factId>1076</factId>
      <objectToString>Message [sender=BillingInfoNode, type=1, timestamp=259791]</objectToString>
    </org.drools.core.audit.event.ObjectLogEvent>
    <org.drools.core.audit.event.ObjectLogEvent>
      <type>1</type>
      <factId>1077</factId>
      <objectToString>Message [sender=ProcessPaymentNode, type=1, timestamp=260228]</objectToString>
    </org.drools.core.audit.event.ObjectLogEvent>
    <org.drools.core.audit.event.ObjectLogEvent>
      <type>1</type>
      <factId>1078</factId>
      <objectToString>Message [sender=ProcessReservationNode, type=1, timestamp=260261]</objectToString>
    </org.drools.core.audit.event.ObjectLogEvent>
    <org.drools.core.audit.event.ActivationLogEvent>
      <type>4</type>
      <activationId>Rule 1 : JOIN [1024, 1078]</activationId>
      <rule>Rule 1 : JOIN</rule>
      <declarations></declarations>
      <factHandleIds>1078,1024</factHandleIds>
    </org.drools.core.audit.event.ActivationLogEvent>
    <org.drools.core.audit.event.ActivationLogEvent>
      <type>6</type>
      <activationId>Rule 1 : JOIN [1024, 1078]</activationId>
      <rule>Rule 1 : JOIN</rule>
      <declarations></declarations>
      <factHandleIds>1078,1024</factHandleIds>
    </org.drools.core.audit.event.ActivationLogEvent>
    <org.drools.core.audit.event.ActivationLogEvent>
      <type>7</type>
      <activationId>Rule 1 : JOIN [1024, 1078]</activationId>
      <rule>Rule 1 : JOIN</rule>
      <declarations></declarations>
      <factHandleIds>1078,1024</factHandleIds>
    </org.drools.core.audit.event.ActivationLogEvent>
    <org.drools.core.audit.event.ObjectLogEvent>
      <type>1</type>
      <factId>1079</factId>
      <objectToString>Message [sender=ProcessReservationNode, type=0, timestamp=260261]</objectToString>
    </org.drools.core.audit.event.ObjectLogEvent>
    <org.drools.core.audit.event.ObjectLogEvent>
      <type>1</type>
      <factId>1080</factId>
      <objectToString>Message [sender=PaymentInfoNode, type=1, timestamp=261229]</objectToString>
    </org.drools.core.audit.event.ObjectLogEvent>
    <org.drools.core.audit.event.ObjectLogEvent>
      <type>1</type>
      <factId>1081</factId>
      <objectToString>Message [sender=PaymentInfoNode, type=0, timestamp=261230]</objectToString>
    </org.drools.core.audit.event.ObjectLogEvent>
    <org.drools.core.audit.event.ObjectLogEvent>
      <type>1</type>
      <factId>1082</factId>
      <objectToString>Message [sender=SelectModeOfReciptNode, type=1, timestamp=261230]</objectToString>
    </org.drools.core.audit.event.ObjectLogEvent>
    <org.drools.core.audit.event.ObjectLogEvent>
      <type>1</type>
      <factId>1083</factId>
      <objectToString>Message [sender=ProcessPaymentNode, type=0, timestamp=261232]</objectToString>
    </org.drools.core.audit.event.ObjectLogEvent>
    <org.drools.core.audit.event.ObjectLogEvent>
      <type>1</type>
      <factId>1084</factId>
      <objectToString>Message [sender=SelectModeOfReciptNode, type=0, timestamp=261236]</objectToString>
    </org.drools.core.audit.event.ObjectLogEvent>
    <org.drools.core.audit.event.ObjectLogEvent>
      <type>1</type>
      <factId>1085</factId>
      <objectToString>Message [sender=ProcessReservationNode, type=1, timestamp=261262]</objectToString>
    </org.drools.core.audit.event.ObjectLogEvent>
    <org.drools.core.audit.event.ObjectLogEvent>
      <type>1</type>
      <factId>1086</factId>
      <objectToString>Message [sender=ProcessReservationNode, type=0, timestamp=261264]</objectToString>
    </org.drools.core.audit.event.ObjectLogEvent>
    <org.drools.core.audit.event.ObjectLogEvent>
      <type>1</type>
      <factId>1087</factId>
      <objectToString>Message [sender=ProcessPaymentNode, type=1, timestamp=262243]</objectToString>
    </org.drools.core.audit.event.ObjectLogEvent>
    <org.drools.core.audit.event.ObjectLogEvent>
      <type>1</type>
      <factId>1088</factId>
      <objectToString>Message [sender=ProcessReservationNode, type=1, timestamp=262277]</objectToString>
    </org.drools.core.audit.event.ObjectLogEvent>
    <org.drools.core.audit.event.ObjectLogEvent>
      <type>1</type>
      <factId>1089</factId>
      <objectToString>Message [sender=ProcessReservationNode, type=0, timestamp=262277]</objectToString>
    </org.drools.core.audit.event.ObjectLogEvent>
    <org.drools.core.audit.event.ObjectLogEvent>
      <type>1</type>
      <factId>1090</factId>
      <objectToString>Message [sender=SelectModeOfReciptNode, type=1, timestamp=263229]</objectToString>
    </org.drools.core.audit.event.ObjectLogEvent>
    <org.drools.core.audit.event.ObjectLogEvent>
      <type>1</type>
      <factId>1091</factId>
      <objectToString>Message [sender=PaymentInfoNode, type=1, timestamp=263229]</objectToString>
    </org.drools.core.audit.event.ObjectLogEvent>
    <org.drools.core.audit.event.ObjectLogEvent>
      <type>1</type>
      <factId>1092</factId>
      <objectToString>Message [sender=PaymentInfoNode, type=0, timestamp=263230]</objectToString>
    </org.drools.core.audit.event.ObjectLogEvent>
    <org.drools.core.audit.event.ObjectLogEvent>
      <type>1</type>
      <factId>1093</factId>
      <objectToString>Message [sender=ProcessPaymentNode, type=0, timestamp=263231]</objectToString>
    </org.drools.core.audit.event.ObjectLogEvent>
    <org.drools.core.audit.event.ObjectLogEvent>
      <type>1</type>
      <factId>1094</factId>
      <objectToString>Message [sender=SelectModeOfReciptNode, type=0, timestamp=263231]</objectToString>
    </org.drools.core.audit.event.ObjectLogEvent>
    <org.drools.core.audit.event.ObjectLogEvent>
      <type>1</type>
      <factId>1095</factId>
      <objectToString>Message [sender=DeliveryAddressNode, type=0, timestamp=263232]</objectToString>
    </org.drools.core.audit.event.ObjectLogEvent>
    <org.drools.core.audit.event.ObjectLogEvent>
      <type>1</type>
      <factId>1096</factId>
      <objectToString>Message [sender=ProcessReservationNode, type=1, timestamp=263275]</objectToString>
    </org.drools.core.audit.event.ObjectLogEvent>
    <org.drools.core.audit.event.ObjectLogEvent>
      <type>1</type>
      <factId>1097</factId>
      <objectToString>Message [sender=ProcessReservationNode, type=0, timestamp=263275]</objectToString>
    </org.drools.core.audit.event.ObjectLogEvent>
    <org.drools.core.audit.event.ObjectLogEvent>
      <type>1</type>
      <factId>1098</factId>
      <objectToString>Message [sender=ProcessPaymentNode, type=1, timestamp=264244]</objectToString>
    </org.drools.core.audit.event.ObjectLogEvent>
    <org.drools.core.audit.event.ObjectLogEvent>
      <type>1</type>
      <factId>1099</factId>
      <objectToString>Message [sender=ProcessReservationNode, type=1, timestamp=264290]</objectToString>
    </org.drools.core.audit.event.ObjectLogEvent>
    <org.drools.core.audit.event.ObjectLogEvent>
      <type>1</type>
      <factId>1100</factId>
      <objectToString>Message [sender=ProcessReservationNode, type=0, timestamp=264291]</objectToString>
    </org.drools.core.audit.event.ObjectLogEvent>
    <org.drools.core.audit.event.ObjectLogEvent>
      <type>1</type>
      <factId>1101</factId>
      <objectToString>Message [sender=PaymentInfoNode, type=1, timestamp=265244]</objectToString>
    </org.drools.core.audit.event.ObjectLogEvent>
    <org.drools.core.audit.event.ObjectLogEvent>
      <type>1</type>
      <factId>1102</factId>
      <objectToString>Message [sender=PaymentInfoNode, type=0, timestamp=265244]</objectToString>
    </org.drools.core.audit.event.ObjectLogEvent>
    <org.drools.core.audit.event.ObjectLogEvent>
      <type>1</type>
      <factId>1103</factId>
      <objectToString>Message [sender=SelectModeOfReciptNode, type=1, timestamp=265246]</objectToString>
    </org.drools.core.audit.event.ObjectLogEvent>
    <org.drools.core.audit.event.ObjectLogEvent>
      <type>1</type>
      <factId>1104</factId>
      <objectToString>Message [sender=ProcessPaymentNode, type=0, timestamp=265246]</objectToString>
    </org.drools.core.audit.event.ObjectLogEvent>
    <org.drools.core.audit.event.ObjectLogEvent>
      <type>1</type>
      <factId>1105</factId>
      <objectToString>Message [sender=SelectModeOfReciptNode, type=0, timestamp=265248]</objectToString>
    </org.drools.core.audit.event.ObjectLogEvent>
    <org.drools.core.audit.event.ObjectLogEvent>
      <type>1</type>
      <factId>1106</factId>
      <objectToString>Message [sender=ProcessReservationNode, type=1, timestamp=265307]</objectToString>
    </org.drools.core.audit.event.ObjectLogEvent>
    <org.drools.core.audit.event.ActivationLogEvent>
      <type>4</type>
      <activationId>Rule 1 : JOIN [1074, 1106]</activationId>
      <rule>Rule 1 : JOIN</rule>
      <declarations></declarations>
      <factHandleIds>1106,1074</factHandleIds>
    </org.drools.core.audit.event.ActivationLogEvent>
    <org.drools.core.audit.event.ActivationLogEvent>
      <type>6</type>
      <activationId>Rule 1 : JOIN [1074, 1106]</activationId>
      <rule>Rule 1 : JOIN</rule>
      <declarations></declarations>
      <factHandleIds>1106,1074</factHandleIds>
    </org.drools.core.audit.event.ActivationLogEvent>
    <org.drools.core.audit.event.ActivationLogEvent>
      <type>7</type>
      <activationId>Rule 1 : JOIN [1074, 1106]</activationId>
      <rule>Rule 1 : JOIN</rule>
      <declarations></declarations>
      <factHandleIds>1106,1074</factHandleIds>
    </org.drools.core.audit.event.ActivationLogEvent>
    <org.drools.core.audit.event.ObjectLogEvent>
      <type>1</type>
      <factId>1107</factId>
      <objectToString>Message [sender=ProcessReservationNode, type=0, timestamp=265308]</objectToString>
    </org.drools.core.audit.event.ObjectLogEvent>
    <org.drools.core.audit.event.ObjectLogEvent>
      <type>1</type>
      <factId>1108</factId>
      <objectToString>Message [sender=DeliveryAddressNode, type=1, timestamp=266243]</objectToString>
    </org.drools.core.audit.event.ObjectLogEvent>
    <org.drools.core.audit.event.ObjectLogEvent>
      <type>1</type>
      <factId>1109</factId>
      <objectToString>Message [sender=DeliveryAddressNode, type=0, timestamp=266244]</objectToString>
    </org.drools.core.audit.event.ObjectLogEvent>
    <org.drools.core.audit.event.ObjectLogEvent>
      <type>1</type>
      <factId>1110</factId>
      <objectToString>Message [sender=ProcessPaymentNode, type=1, timestamp=266260]</objectToString>
    </org.drools.core.audit.event.ObjectLogEvent>
    <org.drools.core.audit.event.ObjectLogEvent>
      <type>1</type>
      <factId>1111</factId>
      <objectToString>Message [sender=ProcessReservationNode, type=1, timestamp=266330]</objectToString>
    </org.drools.core.audit.event.ObjectLogEvent>
    <org.drools.core.audit.event.ActivationLogEvent>
      <type>4</type>
      <activationId>Rule 1 : JOIN [1076, 1111]</activationId>
      <rule>Rule 1 : JOIN</rule>
      <declarations></declarations>
      <factHandleIds>1111,1076</factHandleIds>
    </org.drools.core.audit.event.ActivationLogEvent>
    <org.drools.core.audit.event.ActivationLogEvent>
      <type>6</type>
      <activationId>Rule 1 : JOIN [1076, 1111]</activationId>
      <rule>Rule 1 : JOIN</rule>
      <declarations></declarations>
      <factHandleIds>1111,1076</factHandleIds>
    </org.drools.core.audit.event.ActivationLogEvent>
    <org.drools.core.audit.event.ActivationLogEvent>
      <type>7</type>
      <activationId>Rule 1 : JOIN [1076, 1111]</activationId>
      <rule>Rule 1 : JOIN</rule>
      <declarations></declarations>
      <factHandleIds>1111,1076</factHandleIds>
    </org.drools.core.audit.event.ActivationLogEvent>
    <org.drools.core.audit.event.ObjectLogEvent>
      <type>1</type>
      <factId>1112</factId>
      <objectToString>Message [sender=PaymentInfoNode, type=1, timestamp=267260]</objectToString>
    </org.drools.core.audit.event.ObjectLogEvent>
    <org.drools.core.audit.event.ObjectLogEvent>
      <type>1</type>
      <factId>1113</factId>
      <objectToString>Message [sender=SelectModeOfReciptNode, type=1, timestamp=267260]</objectToString>
    </org.drools.core.audit.event.ObjectLogEvent>
    <org.drools.core.audit.event.ObjectLogEvent>
      <type>1</type>
      <factId>1114</factId>
      <objectToString>Message [sender=PaymentInfoNode, type=0, timestamp=267260]</objectToString>
    </org.drools.core.audit.event.ObjectLogEvent>
    <org.drools.core.audit.event.ObjectLogEvent>
      <type>1</type>
      <factId>1115</factId>
      <objectToString>Message [sender=ProcessPaymentNode, type=0, timestamp=267261]</objectToString>
    </org.drools.core.audit.event.ObjectLogEvent>
    <org.drools.core.audit.event.ObjectLogEvent>
      <type>1</type>
      <factId>1116</factId>
      <objectToString>Message [sender=SelectModeOfReciptNode, type=0, timestamp=267263]</objectToString>
    </org.drools.core.audit.event.ObjectLogEvent>
    <org.drools.core.audit.event.ObjectLogEvent>
      <type>1</type>
      <factId>1117</factId>
      <objectToString>Message [sender=ProcessPaymentNode, type=1, timestamp=268259]</objectToString>
    </org.drools.core.audit.event.ObjectLogEvent>
    <org.drools.core.audit.event.ObjectLogEvent>
      <type>1</type>
      <factId>1118</factId>
      <objectToString>Message [sender=DeliveryAddressNode, type=1, timestamp=269244]</objectToString>
    </org.drools.core.audit.event.ObjectLogEvent>
    <org.drools.core.audit.event.ObjectLogEvent>
      <type>1</type>
      <factId>1119</factId>
      <objectToString>Message [sender=SelectModeOfReciptNode, type=1, timestamp=269260]</objectToString>
    </org.drools.core.audit.event.ObjectLogEvent>
    <org.drools.core.audit.event.ObjectLogEvent>
      <type>1</type>
      <factId>1120</factId>
      <objectToString>Message [sender=PaymentInfoNode, type=1, timestamp=269261]</objectToString>
    </org.drools.core.audit.event.ObjectLogEvent>
    <org.drools.core.audit.event.ObjectLogEvent>
      <type>1</type>
      <factId>1121</factId>
      <objectToString>Message [sender=PaymentInfoNode, type=0, timestamp=269263]</objectToString>
    </org.drools.core.audit.event.ObjectLogEvent>
    <org.drools.core.audit.event.ObjectLogEvent>
      <type>1</type>
      <factId>1122</factId>
      <objectToString>Message [sender=ProcessPaymentNode, type=0, timestamp=269264]</objectToString>
    </org.drools.core.audit.event.ObjectLogEvent>
    <org.drools.core.audit.event.ObjectLogEvent>
      <type>1</type>
      <factId>1123</factId>
      <objectToString>Message [sender=SelectModeOfReciptNode, type=0, timestamp=269265]</objectToString>
    </org.drools.core.audit.event.ObjectLogEvent>
    <org.drools.core.audit.event.ObjectLogEvent>
      <type>1</type>
      <factId>1124</factId>
      <objectToString>Message [sender=NULL, type=0, timestamp=0]</objectToString>
    </org.drools.core.audit.event.ObjectLogEvent>
  </events>
  <engine>PHREAK</engine>
</org.drools.core.audit.WorkingMemoryLog>
</object-stream>
